<?xml version="1.0" encoding="UTF-8"?>
<testng-results skipped="0" failed="0" total="1" passed="1">
  <reporter-output>
  </reporter-output>
  <suite name="Suite" duration-ms="106545" started-at="2021-10-20T17:05:39Z" finished-at="2021-10-20T17:07:25Z">
    <groups>
    </groups>
    <test name="Test" duration-ms="106545" started-at="2021-10-20T17:05:39Z" finished-at="2021-10-20T17:07:25Z">
      <class name="com.testautomation.TestRunner.TestRunner">
        <test-method status="PASS" signature="setUpClass()[pri:0, instance:com.testautomation.TestRunner.TestRunner@335eadca]" name="setUpClass" is-config="true" duration-ms="949" started-at="2021-10-20T22:35:39Z" finished-at="2021-10-20T22:35:40Z">
          <reporter-output>
          </reporter-output>
        </test-method> <!-- setUpClass -->
        <test-method status="PASS" signature="feature(cucumber.api.testng.CucumberFeatureWrapper)[pri:0, instance:com.testautomation.TestRunner.TestRunner@335eadca]" name="feature" duration-ms="104901" started-at="2021-10-20T22:35:40Z" data-provider="features" finished-at="2021-10-20T22:37:25Z">
          <params>
            <param index="0">
              <value>
                <![CDATA[19328]]>
              </value>
            </param>
          </params>
          <reporter-output>
          </reporter-output>
        </test-method> <!-- feature -->
        <test-method status="PASS" signature="teardown()[pri:0, instance:com.testautomation.TestRunner.TestRunner@335eadca]" name="teardown" is-config="true" duration-ms="56" started-at="2021-10-20T22:37:25Z" finished-at="2021-10-20T22:37:25Z">
          <reporter-output>
          </reporter-output>
        </test-method> <!-- teardown -->
      </class> <!-- com.testautomation.TestRunner.TestRunner -->
    </test> <!-- Test -->
  </suite> <!-- Suite -->
</testng-results>
